[INFO ] 2025-07-16 19:37:37.365 [main] factory.DriverFactory::initializeDriver::29 - Chrome browser launched.
[INFO ] 2025-07-16 19:37:37.413 [main] factory.DriverFactory::initializeDriver::32 - Implicit wait set to 10 seconds.
[INFO ] 2025-07-16 19:37:37.494 [main] factory.DriverFactory::initializeDriver::34 - Webdriver initialised successfully.
[INFO ] 2025-07-16 19:37:37.495 [main] base.BaseTest::setup::22 - Navigated to url: https://www.saucedemo.com
[INFO ] 2025-07-16 19:37:38.292 [main] pages.LoginPage::login::28 - Entered 'standard_user' in the username textbox.
[INFO ] 2025-07-16 19:37:38.463 [main] pages.LoginPage::login::30 - Entered 'secret_sauce' in the password textbox.
[INFO ] 2025-07-16 19:37:38.648 [main] pages.LoginPage::login::32 - Clicked on the Login button.
[INFO ] 2025-07-16 19:37:38.660 [main] pages.ProductsPage::isPageDisplayed::40 - Products page displayed.
[INFO ] 2025-07-16 19:37:40.225 [main] factory.DriverFactory::initializeDriver::29 - Chrome browser launched.
[INFO ] 2025-07-16 19:37:40.248 [main] factory.DriverFactory::initializeDriver::32 - Implicit wait set to 10 seconds.
[INFO ] 2025-07-16 19:37:40.325 [main] factory.DriverFactory::initializeDriver::34 - Webdriver initialised successfully.
[INFO ] 2025-07-16 19:37:40.331 [main] base.BaseTest::setup::22 - Navigated to url: https://www.saucedemo.com
[INFO ] 2025-07-16 19:37:41.099 [main] pages.LoginPage::login::28 - Entered 'standard_user' in the username textbox.
[INFO ] 2025-07-16 19:37:41.234 [main] pages.LoginPage::login::30 - Entered 'secret_sauce' in the password textbox.
[INFO ] 2025-07-16 19:37:41.468 [main] pages.LoginPage::login::32 - Clicked on the Login button.
[INFO ] 2025-07-16 19:37:41.602 [main] pages.ProductsPage::logout::28 - Clicked on the Menu button.
[INFO ] 2025-07-16 19:37:42.250 [main] pages.ProductsPage::logout::30 - Clicked on the Logout link.
[INFO ] 2025-07-16 19:37:42.251 [main] pages.LoginPage::isPageDisplayed::42 - Login page displayed.
[INFO ] 2025-07-16 21:49:46.783 [main] factory.DriverFactory::initializeDriver::29 - Chrome browser launched.
[INFO ] 2025-07-16 21:49:46.812 [main] factory.DriverFactory::initializeDriver::32 - Implicit wait set to 10 seconds.
[INFO ] 2025-07-16 21:49:46.911 [main] factory.DriverFactory::initializeDriver::34 - Webdriver initialised successfully.
[INFO ] 2025-07-16 21:49:46.912 [main] base.BaseTest::setup::22 - Navigated to url: https://www.saucedemo.com
[INFO ] 2025-07-16 21:49:47.744 [main] pages.LoginPage::login::28 - Entered 'standard_user' in the username textbox.
[INFO ] 2025-07-16 21:49:47.927 [main] pages.LoginPage::login::30 - Entered 'secret_sauce' in the password textbox.
[INFO ] 2025-07-16 21:49:48.179 [main] pages.LoginPage::login::32 - Clicked on the Login button.
[INFO ] 2025-07-16 21:49:48.181 [main] pages.ProductsPage::isPageDisplayed::40 - Products page displayed.
[INFO ] 2025-07-16 21:49:49.548 [main] factory.DriverFactory::initializeDriver::29 - Chrome browser launched.
[INFO ] 2025-07-16 21:49:49.571 [main] factory.DriverFactory::initializeDriver::32 - Implicit wait set to 10 seconds.
[INFO ] 2025-07-16 21:49:49.633 [main] factory.DriverFactory::initializeDriver::34 - Webdriver initialised successfully.
[INFO ] 2025-07-16 21:49:49.634 [main] base.BaseTest::setup::22 - Navigated to url: https://www.saucedemo.com
[INFO ] 2025-07-16 21:49:50.514 [main] pages.LoginPage::login::28 - Entered 'standard_user' in the username textbox.
[INFO ] 2025-07-16 21:49:50.815 [main] pages.LoginPage::login::30 - Entered 'secret_sauce' in the password textbox.
[INFO ] 2025-07-16 21:49:51.052 [main] pages.LoginPage::login::32 - Clicked on the Login button.
[INFO ] 2025-07-16 21:49:51.198 [main] pages.ProductsPage::logout::28 - Clicked on the Menu button.
[INFO ] 2025-07-16 21:49:51.932 [main] pages.ProductsPage::logout::30 - Clicked on the Logout link.
[INFO ] 2025-07-16 21:49:51.932 [main] pages.LoginPage::isPageDisplayed::42 - Login page displayed.
[INFO ] 2025-07-16 21:51:47.010 [main] factory.DriverFactory::initializeDriver::29 - Chrome browser launched.
[INFO ] 2025-07-16 21:51:47.039 [main] factory.DriverFactory::initializeDriver::32 - Implicit wait set to 10 seconds.
[INFO ] 2025-07-16 21:51:47.114 [main] factory.DriverFactory::initializeDriver::34 - Webdriver initialised successfully.
[INFO ] 2025-07-16 21:51:47.114 [main] base.BaseTest::setup::22 - Navigated to url: https://www.saucedemo.com
[INFO ] 2025-07-16 21:51:48.149 [main] pages.LoginPage::login::28 - Entered 'standard_user' in the username textbox.
[INFO ] 2025-07-16 21:51:48.291 [main] pages.LoginPage::login::30 - Entered 'secret_sauce' in the password textbox.
[INFO ] 2025-07-16 21:51:48.489 [main] pages.LoginPage::login::32 - Clicked on the Login button.
[INFO ] 2025-07-16 21:51:48.492 [main] pages.ProductsPage::isPageDisplayed::40 - Products page displayed.
[INFO ] 2025-07-16 21:51:49.911 [main] factory.DriverFactory::initializeDriver::29 - Chrome browser launched.
[INFO ] 2025-07-16 21:51:49.931 [main] factory.DriverFactory::initializeDriver::32 - Implicit wait set to 10 seconds.
[INFO ] 2025-07-16 21:51:49.991 [main] factory.DriverFactory::initializeDriver::34 - Webdriver initialised successfully.
[INFO ] 2025-07-16 21:51:49.991 [main] base.BaseTest::setup::22 - Navigated to url: https://www.saucedemo.com
[INFO ] 2025-07-16 21:51:51.002 [main] pages.LoginPage::login::28 - Entered 'standard_user' in the username textbox.
[INFO ] 2025-07-16 21:51:51.133 [main] pages.LoginPage::login::30 - Entered 'secret_sauce' in the password textbox.
[INFO ] 2025-07-16 21:51:51.369 [main] pages.LoginPage::login::32 - Clicked on the Login button.
[INFO ] 2025-07-16 21:51:51.516 [main] pages.ProductsPage::logout::28 - Clicked on the Menu button.
[INFO ] 2025-07-16 21:51:52.225 [main] pages.ProductsPage::logout::30 - Clicked on the Logout link.
[INFO ] 2025-07-16 21:51:52.225 [main] pages.LoginPage::isPageDisplayed::42 - Login page displayed.
[INFO ] 2025-07-16 21:53:10.771 [main] factory.DriverFactory::initializeDriver::29 - Chrome browser launched.
[INFO ] 2025-07-16 21:53:10.798 [main] factory.DriverFactory::initializeDriver::32 - Implicit wait set to 10 seconds.
[INFO ] 2025-07-16 21:53:10.872 [main] factory.DriverFactory::initializeDriver::34 - Webdriver initialised successfully.
[INFO ] 2025-07-16 21:53:10.873 [main] base.BaseTest::setup::22 - Navigated to url: https://www.saucedemo.com
[INFO ] 2025-07-16 21:53:11.765 [main] pages.LoginPage::login::28 - Entered 'standard_user' in the username textbox.
[INFO ] 2025-07-16 21:53:11.907 [main] pages.LoginPage::login::30 - Entered 'secret_sauce' in the password textbox.
[INFO ] 2025-07-16 21:53:12.125 [main] pages.LoginPage::login::32 - Clicked on the Login button.
[INFO ] 2025-07-16 21:53:12.127 [main] pages.ProductsPage::isPageDisplayed::40 - Products page displayed.
[INFO ] 2025-07-16 21:53:13.615 [main] factory.DriverFactory::initializeDriver::29 - Chrome browser launched.
[INFO ] 2025-07-16 21:53:13.654 [main] factory.DriverFactory::initializeDriver::32 - Implicit wait set to 10 seconds.
[INFO ] 2025-07-16 21:53:13.708 [main] factory.DriverFactory::initializeDriver::34 - Webdriver initialised successfully.
[INFO ] 2025-07-16 21:53:13.713 [main] base.BaseTest::setup::22 - Navigated to url: https://www.saucedemo.com
[INFO ] 2025-07-16 21:53:14.598 [main] pages.LoginPage::login::28 - Entered 'standard_user' in the username textbox.
[INFO ] 2025-07-16 21:53:14.817 [main] pages.LoginPage::login::30 - Entered 'secret_sauce' in the password textbox.
[INFO ] 2025-07-16 21:53:14.992 [main] pages.LoginPage::login::32 - Clicked on the Login button.
[INFO ] 2025-07-16 21:53:15.143 [main] pages.ProductsPage::logout::28 - Clicked on the Menu button.
[INFO ] 2025-07-16 21:53:15.794 [main] pages.ProductsPage::logout::30 - Clicked on the Logout link.
[INFO ] 2025-07-16 21:53:15.795 [main] pages.LoginPage::isPageDisplayed::42 - Login page displayed.
